<?xml version="1.0" encoding="UTF-8"?>
<beans xmlns="http://www.springframework.org/schema/beans"
	xmlns:xsi="http://www.w3.org/2001/XMLSchema-instance"
	xmlns:p="http://www.springframework.org/schema/p"
	xmlns:context="http://www.springframework.org/schema/context"
	xmlns:mvc="http://www.springframework.org/schema/mvc"
	xmlns:tx="http://www.springframework.org/schema/tx"
	xmlns:aop="http://www.springframework.org/schema/aop"

	xsi:schemaLocation="
      http://www.springframework.org/schema/beans
      http://www.springframework.org/schema/beans/spring-beans-3.0.xsd
      http://www.springframework.org/schema/context
      http://www.springframework.org/schema/context/spring-context-3.0.xsd
      http://www.springframework.org/schema/mvc
      http://www.springframework.org/schema/mvc/spring-mvc-3.0.xsd
      http://www.springframework.org/schema/tx
   		http://www.springframework.org/schema/tx/spring-tx-3.0.xsd
   		http://www.springframework.org/schema/aop
   		http://www.springframework.org/schema/aop/spring-aop-3.0.xsd">

	<!-- Context -->
	<bean id="requestContext" class="portal.test.integration.RequestContextMock"/>
	<context:component-scan base-package="portal" />
	<tx:annotation-driven transaction-manager="transactionManager" />

	<!-- E-mail -->
	<bean id="mailSender" class="org.springframework.mail.javamail.JavaMailSenderImpl">
		<property name="protocol">
			<value>${mail.protocol}</value>
		</property>
		<property name="host">
			<value>${mail.host}</value>
		</property>
		<property name="port">
			<value>${mail.port}</value>
		</property>
		<property name="username">
			<value>${mail.username}</value>
		</property>
		<property name="password">
			<value>${mail.password}</value>
		</property>
		<property name="javaMailProperties">
			<props>
				<prop key="mail.smtp.auth">${mail.smtp.auth}</prop>
				<prop key="mail.smtp.starttls.enable">${mail.smtp.starttls.enable}</prop>
			</props>
		</property>
	</bean>

	<!-- Messages -->
	<bean id="messageSource"
		class="org.springframework.context.support.ResourceBundleMessageSource">
		<property name="basenames">
			<list>
				<value>messages</value>
			</list>
		</property>
	</bean>

	<!-- Application Properties -->
	<bean id="applicationProperties"
		class="org.jasypt.spring.properties.EncryptablePropertyPlaceholderConfigurer">
		<constructor-arg>
			<bean class="org.jasypt.encryption.pbe.StandardPBEStringEncryptor">
				<property name="config">
					<bean class="org.jasypt.encryption.pbe.config.EnvironmentStringPBEConfig">
						<property name="algorithm">
							<value>PBEWITHSHA1ANDDESEDE</value>
						</property>
						<property name="passwordSysPropertyName">
							<value>env_password</value>
						</property>
					</bean>
				</property>
			</bean>
		</constructor-arg>
		<property name="locations">
			<list>
				<value>classpath:settings/${project_setup}/app.properties</value>
			</list>
		</property>
	</bean>

	<!-- DB/DataNucleus -->
	<bean id="pmf" class="org.datanucleus.api.jdo.JDOPersistenceManagerFactory">
		<constructor-arg>
			<props>
				<prop key="datanucleus.storeManagerType">
					${datanucleus.storeManagerType}
				</prop>
				<prop key="datanucleus.maxFetchDepth">
					${datanucleus.maxFetchDepth}
				</prop>
				<prop key="javax.jdo.option.NontransactionalRead">
					${javax.jdo.option.NontransactionalRead}
				</prop>
				<prop key="datanucleus.fixedDatastore">
					${datanucleus.fixedDatastore}
				</prop>
			</props>
		</constructor-arg>
		<property name="connectionFactory" ref="dataSource" />
	</bean>

	<bean id="pmfProxy"
		class="org.springframework.orm.jdo.TransactionAwarePersistenceManagerFactoryProxy">
		<property name="targetPersistenceManagerFactory" ref="pmf" />
	</bean>

	<bean id="transactionManager" class="org.springframework.orm.jdo.JdoTransactionManager">
		<property name="persistenceManagerFactory" ref="pmf" />
	</bean>

	<bean id="dataSource"
		class="org.springframework.jdbc.datasource.DriverManagerDataSource">
		<property name="driverClassName">
			<value>${dataSource.driverClassName}</value>
		</property>
		<property name="url">
			<value>${dataSource.url}</value>
		</property>
		<property name="username">
			<value>${dataSource.username}</value>
		</property>
		<property name="password">
			<value>${dataSource.password}</value>
		</property>
	</bean>

</beans>
